Release 14.7 Map P.20131013 (nt64)
Xilinx Mapping Report File for Design 'SPI_Slave'

Design Information
------------------
Command Line   : map -intstyle ise -p xc6slx9-tqg144-2 -w -logic_opt off -ol
high -t 1 -xt 0 -register_duplication off -r 4 -global_opt off -mt off -ir off
-pr off -lc off -power off -o SPI_Slave_map.ncd SPI_Slave.ngd SPI_Slave.pcf 
Target Device  : xc6slx9
Target Package : tqg144
Target Speed   : -2
Mapper Version : spartan6 -- $Revision: 1.55 $
Mapped Date    : Wed Oct 11 16:14:22 2023

Design Summary
--------------
Number of errors:      0
Number of warnings:    0
Slice Logic Utilization:
  Number of Slice Registers:                   836 out of  11,440    7%
    Number used as Flip Flops:                 836
    Number used as Latches:                      0
    Number used as Latch-thrus:                  0
    Number used as AND/OR logics:                0
  Number of Slice LUTs:                      2,921 out of   5,720   51%
    Number used as logic:                    2,856 out of   5,720   49%
      Number using O6 output only:           1,610
      Number using O5 output only:             300
      Number using O5 and O6:                  946
      Number used as ROM:                        0
    Number used as Memory:                       0 out of   1,440    0%
    Number used exclusively as route-thrus:     65
      Number with same-slice register load:     21
      Number with same-slice carry load:        44
      Number with other load:                    0

Slice Logic Distribution:
  Number of occupied Slices:                   980 out of   1,430   68%
  Number of MUXCYs used:                     2,164 out of   2,860   75%
  Number of LUT Flip Flop pairs used:        3,183
    Number with an unused Flip Flop:         2,378 out of   3,183   74%
    Number with an unused LUT:                 262 out of   3,183    8%
    Number of fully used LUT-FF pairs:         543 out of   3,183   17%
    Number of unique control sets:              39
    Number of slice register sites lost
      to control set restrictions:             100 out of  11,440    1%

  A LUT Flip Flop pair for this architecture represents one LUT paired with
  one Flip Flop within a slice.  A control set is a unique combination of
  clock, reset, set, and enable signals for a registered element.
  The Slice Logic Distribution report is not meaningful if the design is
  over-mapped for a non-slice resource or if Placement fails.

IO Utilization:
  Number of bonded IOBs:                        42 out of     102   41%
    Number of LOCed IOBs:                       32 out of      42   76%

Specific Feature Utilization:
  Number of RAMB16BWERs:                         0 out of      32    0%
  Number of RAMB8BWERs:                          0 out of      64    0%
  Number of BUFIO2/BUFIO2_2CLKs:                 0 out of      32    0%
  Number of BUFIO2FB/BUFIO2FB_2CLKs:             0 out of      32    0%
  Number of BUFG/BUFGMUXs:                       2 out of      16   12%
    Number used as BUFGs:                        2
    Number used as BUFGMUX:                      0
  Number of DCM/DCM_CLKGENs:                     0 out of       4    0%
  Number of ILOGIC2/ISERDES2s:                   0 out of     200    0%
  Number of IODELAY2/IODRP2/IODRP2_MCBs:         0 out of     200    0%
  Number of OLOGIC2/OSERDES2s:                   0 out of     200    0%
  Number of BSCANs:                              0 out of       4    0%
  Number of BUFHs:                               0 out of     128    0%
  Number of BUFPLLs:                             0 out of       8    0%
  Number of BUFPLL_MCBs:                         0 out of       4    0%
  Number of DSP48A1s:                            3 out of      16   18%
  Number of ICAPs:                               0 out of       1    0%
  Number of MCBs:                                0 out of       2    0%
  Number of PCILOGICSEs:                         0 out of       2    0%
  Number of PLL_ADVs:                            0 out of       2    0%
  Number of PMVs:                                0 out of       1    0%
  Number of STARTUPs:                            0 out of       1    0%
  Number of SUSPEND_SYNCs:                       0 out of       1    0%

Average Fanout of Non-Clock Nets:                4.39

Peak Memory Usage:  4607 MB
Total REAL time to MAP completion:  41 secs 
Total CPU time to MAP completion:   29 secs 

Table of Contents
-----------------
Section 1 - Errors
Section 2 - Warnings
Section 3 - Informational
Section 4 - Removed Logic Summary
Section 5 - Removed Logic
Section 6 - IOB Properties
Section 7 - RPMs
Section 8 - Guide Report
Section 9 - Area Group and Partition Summary
Section 10 - Timing Report
Section 11 - Configuration String Information
Section 12 - Control Set Information
Section 13 - Utilization by Hierarchy

Section 1 - Errors
------------------

Section 2 - Warnings
--------------------

Section 3 - Informational
-------------------------
INFO:LIT:243 - Logical network ackn has no load.
INFO:MapLib:562 - No environment variables are currently set.
INFO:LIT:244 - All of the single ended outputs in this design are using slew
   rate limited output drivers. The delay on speed critical single ended outputs
   can be dramatically reduced by designating them as fast outputs.
INFO:Pack:1716 - Initializing temperature to 85.000 Celsius. (default - Range:
   0.000 to 85.000 Celsius)
INFO:Pack:1720 - Initializing voltage to 1.140 Volts. (default - Range: 1.140 to
   1.260 Volts)
INFO:Map:215 - The Interim Design Summary has been generated in the MAP Report
   (.mrp).
INFO:Place:834 - Only a subset of IOs are locked. Out of 42 IOs, 32 are locked
   and 10 are not locked. If you would like to print the names of these IOs,
   please set the environment variable XIL_PAR_DESIGN_CHECK_VERBOSE to 1. 
INFO:Pack:1650 - Map created a placed design.

Section 4 - Removed Logic Summary
---------------------------------
   2 block(s) optimized away

Section 5 - Removed Logic
-------------------------

Optimized Block(s):
TYPE 		BLOCK
GND 		XST_GND
VCC 		XST_VCC

To enable printing of redundant blocks removed and signals merged, set the
detailed map report option and rerun map.

Section 6 - IOB Properties
--------------------------

+---------------------------------------------------------------------------------------------------------------------------------------------------------+
| IOB Name                           | Type             | Direction | IO Standard          | Diff  | Drive    | Slew | Reg (s)      | Resistor | IOB      |
|                                    |                  |           |                      | Term  | Strength | Rate |              |          | Delay    |
+---------------------------------------------------------------------------------------------------------------------------------------------------------+
| E_STOP                             | IOB              | INPUT     | LVCMOS33             |       |          |      |              |          |          |
| dead_end                           | IOB              | INPUT     | LVCMOS33             |       |          |      |              |          |          |
| dead_endx                          | IOB              | INPUT     | LVCMOS33             |       |          |      |              |          |          |
| dead_endy                          | IOB              | INPUT     | LVCMOS33             |       |          |      |              |          |          |
| gpio_pin                           | IOB              | OUTPUT    | LVCMOS33             |       | 12       | SLOW |              |          |          |
| i_Clk                              | IOB              | INPUT     | LVCMOS33             |       |          |      |              |          |          |
| i_Rst_L                            | IOB              | INPUT     | LVCMOS33             |       |          |      |              |          |          |
| i_SPI_CS_n                         | IOB              | INPUT     | LVCMOS33             |       |          |      |              |          |          |
| i_SPI_Clk                          | IOB              | INPUT     | LVCMOS33             |       |          |      |              |          |          |
| i_SPI_MOSI                         | IOB              | INPUT     | LVCMOS33             |       |          |      |              |          |          |
| o_RX_Byte<0>                       | IOB              | OUTPUT    | LVCMOS25             |       | 12       | SLOW |              |          |          |
| o_RX_Byte<1>                       | IOB              | OUTPUT    | LVCMOS25             |       | 12       | SLOW |              |          |          |
| o_RX_Byte<2>                       | IOB              | OUTPUT    | LVCMOS25             |       | 12       | SLOW |              |          |          |
| o_RX_Byte<3>                       | IOB              | OUTPUT    | LVCMOS25             |       | 12       | SLOW |              |          |          |
| o_RX_Byte<4>                       | IOB              | OUTPUT    | LVCMOS25             |       | 12       | SLOW |              |          |          |
| o_RX_Byte<5>                       | IOB              | OUTPUT    | LVCMOS25             |       | 12       | SLOW |              |          |          |
| o_RX_Byte<6>                       | IOB              | OUTPUT    | LVCMOS25             |       | 12       | SLOW |              |          |          |
| o_RX_Byte<7>                       | IOB              | OUTPUT    | LVCMOS25             |       | 12       | SLOW |              |          |          |
| o_RX_DV                            | IOB              | OUTPUT    | LVCMOS25             |       | 12       | SLOW |              |          |          |
| o_SPI_MISO                         | IOB              | OUTPUT    | LVCMOS33             |       | 12       | SLOW |              |          |          |
| o_TX_sent                          | IOB              | OUTPUT    | LVCMOS25             |       | 12       | SLOW |              |          |          |
| out1<0>                            | IOB              | OUTPUT    | LVCMOS33             |       | 12       | SLOW |              |          |          |
| out1<1>                            | IOB              | OUTPUT    | LVCMOS33             |       | 12       | SLOW |              |          |          |
| out1<2>                            | IOB              | OUTPUT    | LVCMOS33             |       | 12       | SLOW |              |          |          |
| out1<3>                            | IOB              | OUTPUT    | LVCMOS33             |       | 12       | SLOW |              |          |          |
| out1<4>                            | IOB              | OUTPUT    | LVCMOS33             |       | 12       | SLOW |              |          |          |
| out1<5>                            | IOB              | OUTPUT    | LVCMOS33             |       | 12       | SLOW |              |          |          |
| out1<6>                            | IOB              | OUTPUT    | LVCMOS33             |       | 12       | SLOW |              |          |          |
| out1<7>                            | IOB              | OUTPUT    | LVCMOS33             |       | 12       | SLOW |              |          |          |
| pb_gpiox                           | IOB              | INPUT     | LVCMOS33             |       |          |      |              |          |          |
| pb_gpioy                           | IOB              | INPUT     | LVCMOS33             |       |          |      |              |          |          |
| pb_gpioz                           | IOB              | INPUT     | LVCMOS33             |       |          |      |              |          |          |
| pin1                               | IOB              | OUTPUT    | LVCMOS33             |       | 12       | SLOW |              |          |          |
| pin2                               | IOB              | OUTPUT    | LVCMOS33             |       | 12       | SLOW |              |          |          |
| pin1x                              | IOB              | OUTPUT    | LVCMOS33             |       | 12       | SLOW |              |          |          |
| pin1y                              | IOB              | OUTPUT    | LVCMOS33             |       | 12       | SLOW |              |          |          |
| pin2x                              | IOB              | OUTPUT    | LVCMOS33             |       | 12       | SLOW |              |          |          |
| pin2y                              | IOB              | OUTPUT    | LVCMOS33             |       | 12       | SLOW |              |          |          |
| puls_in                            | IOB              | OUTPUT    | LVCMOS33             |       | 12       | SLOW |              |          |          |
| pulses                             | IOB              | OUTPUT    | LVCMOS33             |       | 12       | SLOW |              |          |          |
| pulses_x                           | IOB              | OUTPUT    | LVCMOS33             |       | 12       | SLOW |              |          |          |
| pulses_y                           | IOB              | OUTPUT    | LVCMOS33             |       | 12       | SLOW |              |          |          |
+---------------------------------------------------------------------------------------------------------------------------------------------------------+

Section 7 - RPMs
----------------

Section 8 - Guide Report
------------------------
Guide not run on this design.

Section 9 - Area Group and Partition Summary
--------------------------------------------

Partition Implementation Status
-------------------------------

  No Partitions were found in this design.

-------------------------------

Area Group Information
----------------------

  No area groups were found in this design.

----------------------

Section 10 - Timing Report
--------------------------
A logic-level (pre-route) timing report can be generated by using Xilinx static
timing analysis tools, Timing Analyzer (GUI) or TRCE (command line), with the
mapped NCD and PCF files. Please note that this timing report will be generated
using estimated delay information. For accurate numbers, please generate a
timing report with the post Place and Route NCD file.

For more information about the Timing Analyzer, consult the Xilinx Timing
Analyzer Reference Manual; for more information about TRCE, consult the Xilinx
Command Line Tools User Guide "TRACE" chapter.

Section 11 - Configuration String Details
-----------------------------------------
Use the "-detail" map option to print out Configuration Strings

Section 12 - Control Set Information
------------------------------------
Use the "-detail" map option to print out Control Set Information.

Section 13 - Utilization by Hierarchy
-------------------------------------
Use the "-detail" map option to print out the Utilization by Hierarchy section.
